# Generated by the VisualDSP++ IDDE (Wed Aug 14 13:03:16 2019)
# Project File: D:\dspws\AdvFxsDSP\AdvFxsDSP.dpj

"D:\Analog Devices\VisualDSP 4.5\ccblkfn.exe" -c .\main.c -g -no-multiline -double-size-32 -decls-strong -warn-protos -threads -si-revision 0.3 -proc ADSP-BF537 -o .\Debug\main.doj -MM
"firc.h", line 52: cc0001: {D} warning: last line of file ends without a
          newline
  #endif
        ^

"main.c", line 59: cc0175: {D} warning: subscript out of range
  volatile int k3 = iRxBuffer1[2];
                    ^

"main.c", line 60: cc0175: {D} warning: subscript out of range
  volatile int k4 = iRxBuffer1[3];
                              ^

"main.c", line 61: cc0175: {D} warning: subscript out of range
  volatile int k5 = iRxBuffer1[4];
                              ^

"main.c", line 62: cc0175: {D} warning: subscript out of range
  volatile int k6 = iRxBuffer1[5];
                              ^

"main.c", line 63: cc0175: {D} warning: subscript out of range
  volatile int k7 = iRxBuffer1[6];
                              ^

"main.c", line 64: cc0175: {D} warning: subscript out of range
  volatile int k8 = iRxBuffer1[7];
                              ^

"main.c", line 65: cc0175: {D} warning: subscript out of range
  volatile int k9 = iRxBuffer1[8];
                              ^

"main.c", line 66: cc0175: {D} warning: subscript out of range
  volatile int k10 = iRxBuffer1[9];
                               ^

"main.c", line 67: cc0175: {D} warning: subscript out of range
  volatile int k11 = iRxBuffer1[10];
                               ^

"main.c", line 68: cc0175: {D} warning: subscript out of range
  volatile int k12 = iRxBuffer1[11];
                               ^

"main.c", line 69: cc0175: {D} warning: subscript out of range
  volatile int k13 = iRxBuffer1[12];
                               ^

"main.c", line 70: cc0175: {D} warning: subscript out of range
  volatile int k14 = iRxBuffer1[13];
                               ^

"main.c", line 71: cc0175: {D} warning: subscript out of range
  volatile int k15 = iRxBuffer1[14];
                               ^

"D:\Analog Devices\VisualDSP 4.5\ccblkfn.exe" .\Debug\AdvFxsDSP_basiccrt.doj .\Debug\AdvFxsDSP_heaptab.doj .\Debug\ExceptionHandler-BF537.doj .\Debug\init_dmas.doj .\Debug\main.doj .\Debug\uart.doj .\Debug\VDK.doj -T .\AdvFxsDSP.ldf -L .\Debug -flags-link -MDUSER_CRT="AdvFxsDSP_basiccrt.doj",-MDUSE_FILEIO,-MD__cplusplus -flags-link -od,.\Debug -o .\Debug\AdvFxsDSP.dxe -proc ADSP-BF537 -flags-link -MD_ADI_THREADS -si-revision 0.3 -flags-link -MM
